09:22:41 **** Rebuild of configuration Debug for project TestC ****
Info: Internal Builder is used for build
gcc -O0 -g3 -Wall -c -fmessage-length=0 -o "src\\HelloWorld.o" "..\\src\\HelloWorld.c" 
gcc -o TestC.exe "src\\HelloWorld.o" 
Info: Nothing to build for TestC
09:27:11 **** Incremental Build of configuration Debug for project TestC ****
Info: Internal Builder is used for build
gcc -O0 -g3 -Wall -c -fmessage-length=0 -o "src\\main.o" "..\\src\\main.c" 
gcc -o TestC.exe "src\\main.o" 
Info: Nothing to build for Test
09:32:57 **** Rebuild of configuration Debug for project Test ****
Info: Internal Builder is used for build
g++ -O0 -g3 -Wall -c -fmessage-length=0 -o "src\\Test.o" "..\\src\\Test.cpp" 
g++ -o Test.exe "src\\Test.o" 
09:50:36 **** Rebuild of configuration Debug for project Test ****
Info: Internal Builder is used for build
g++ -O0 -g3 -Wall -c -fmessage-length=0 -o "src\\Test.o" "..\\src\\Test.cpp" 
g++ -o Test.exe "src\\Test.o" 
Info: Nothing to build for Test
09:59:50 **** Incremental Build of configuration Debug for project Test ****
Info: Internal Builder is used for build
g++ -O0 -g3 -Wall -c -fmessage-length=0 -o "src\\Test.o" "..\\src\\Test.cpp" 
g++ -o Test.exe "src\\Test.o" 
10:01:36 **** Incremental Build of configuration Debug for project Test ****
Info: Internal Builder is used for build
g++ -O0 -g3 -Wall -c -fmessage-length=0 -o "src\\Test.o" "..\\src\\Test.cpp" 
g++ -o Test.exe "src\\Test.o" 
10:14:01 **** Incremental Build of configuration Debug for project Test ****
Info: Internal Builder is used for build
g++ -O0 -g3 -Wall -c -fmessage-length=0 -o "src\\Test.o" "..\\src\\Test.cpp" 
..\src\Test.cpp: In function 'int main()':
..\src\Test.cpp:14:6: warning: unused variable 'a' [-Wunused-variable]
  int a = 10;
      ^
..\src\Test.cpp:15:6: warning: unused variable 'b' [-Wunused-variable]
  int b = 20;
      ^
g++ -o Test.exe "src\\Test.o" 
Info: Nothing to build for Test
10:14:25 **** Incremental Build of configuration Debug for project Test ****
Info: Internal Builder is used for build
g++ -O0 -g3 -Wall -c -fmessage-length=0 -o "src\\Test.o" "..\\src\\Test.cpp" 
..\src\Test.cpp: In function 'int main()':
..\src\Test.cpp:16:6: warning: unused variable 'c' [-Wunused-variable]
  int c = a+ b;
      ^
g++ -o Test.exe "src\\Test.o" 
